# JRE version: Java(TM) SE Runtime Environment (8.0_144-b01) (build 1.8.0_144-b01)
# Java VM: Java HotSpot(TM) 64-Bit Server VM (25.144-b01 mixed mode linux-amd64 compressed oops)
Heap:
 PSYoungGen      total 9728K, used 1965K [0x00000000f5a00000, 0x00000000f6480000, 0x0000000100000000)
  eden space 8704K, 22% used [0x00000000f5a00000,0x00000000f5beb498,0x00000000f6280000)
  from space 1024K, 0% used [0x00000000f6280000,0x00000000f6280000,0x00000000f6380000)
  to   space 1024K, 0% used [0x00000000f6380000,0x00000000f6380000,0x00000000f6480000)
 ParOldGen       total 22016K, used 810K [0x00000000e0e00000, 0x00000000e2380000, 0x00000000f5a00000)
  object space 22016K, 3% used [0x00000000e0e00000,0x00000000e0ecabb0,0x00000000e2380000)
 Metaspace       used 6322K, capacity 6552K, committed 6784K, reserved 1056768K
  class space    used 740K, capacity 819K, committed 896K, reserved 1048576K
GC Heap History (4 events):
Event: 0.625 GC heap before
{Heap before GC invocations=1 (full 0):
 PSYoungGen      total 9728K, used 5253K [0x00000000f5a00000, 0x00000000f6480000, 0x0000000100000000)
  eden space 8704K, 60% used [0x00000000f5a00000,0x00000000f5f217c8,0x00000000f6280000)
  from space 1024K, 0% used [0x00000000f6380000,0x00000000f6380000,0x00000000f6480000)
  to   space 1024K, 0% used [0x00000000f6280000,0x00000000f6280000,0x00000000f6380000)
 ParOldGen       total 22016K, used 0K [0x00000000e0e00000, 0x00000000e2380000, 0x00000000f5a00000)
  object space 22016K, 0% used [0x00000000e0e00000,0x00000000e0e00000,0x00000000e2380000)
 Metaspace       used 5456K, capacity 5664K, committed 5888K, reserved 1056768K
  class space    used 629K, capacity 695K, committed 768K, reserved 1048576K
Event: 0.629 GC heap after
Heap after GC invocations=1 (full 0):
 PSYoungGen      total 9728K, used 864K [0x00000000f5a00000, 0x00000000f6480000, 0x0000000100000000)
  eden space 8704K, 0% used [0x00000000f5a00000,0x00000000f5a00000,0x00000000f6280000)
  from space 1024K, 84% used [0x00000000f6280000,0x00000000f6358020,0x00000000f6380000)
  to   space 1024K, 0% used [0x00000000f6380000,0x00000000f6380000,0x00000000f6480000)
 ParOldGen       total 22016K, used 8K [0x00000000e0e00000, 0x00000000e2380000, 0x00000000f5a00000)
  object space 22016K, 0% used [0x00000000e0e00000,0x00000000e0e02000,0x00000000e2380000)
 Metaspace       used 5456K, capacity 5664K, committed 5888K, reserved 1056768K
  class space    used 629K, capacity 695K, committed 768K, reserved 1048576K
}
Event: 0.629 GC heap before
{Heap before GC invocations=2 (full 1):
 PSYoungGen      total 9728K, used 864K [0x00000000f5a00000, 0x00000000f6480000, 0x0000000100000000)
  eden space 8704K, 0% used [0x00000000f5a00000,0x00000000f5a00000,0x00000000f6280000)
  from space 1024K, 84% used [0x00000000f6280000,0x00000000f6358020,0x00000000f6380000)
  to   space 1024K, 0% used [0x00000000f6380000,0x00000000f6380000,0x00000000f6480000)
 ParOldGen       total 22016K, used 8K [0x00000000e0e00000, 0x00000000e2380000, 0x00000000f5a00000)
  object space 22016K, 0% used [0x00000000e0e00000,0x00000000e0e02000,0x00000000e2380000)
 Metaspace       used 5456K, capacity 5664K, committed 5888K, reserved 1056768K
  class space    used 629K, capacity 695K, committed 768K, reserved 1048576K
Event: 0.644 GC heap after
Heap after GC invocations=2 (full 1):
 PSYoungGen      total 9728K, used 0K [0x00000000f5a00000, 0x00000000f6480000, 0x0000000100000000)
  eden space 8704K, 0% used [0x00000000f5a00000,0x00000000f5a00000,0x00000000f6280000)
  from space 1024K, 0% used [0x00000000f6280000,0x00000000f6280000,0x00000000f6380000)
  to   space 1024K, 0% used [0x00000000f6380000,0x00000000f6380000,0x00000000f6480000)
 ParOldGen       total 22016K, used 810K [0x00000000e0e00000, 0x00000000e2380000, 0x00000000f5a00000)
  object space 22016K, 3% used [0x00000000e0e00000,0x00000000e0ecabb0,0x00000000e2380000)
 Metaspace       used 5456K, capacity 5664K, committed 5888K, reserved 1056768K
  class space    used 629K, capacity 695K, committed 768K, reserved 1048576K
}

